生成启动时间为 2020/11/8 8:59:56。
     1>项目“D:\2020_code\牛客练习\牛客练习\牛客练习.vcxproj”在节点 2 上(Build 个目标)。
     1>ClCompile:
         D:\VS2013\VC\bin\CL.exe /c /ZI /nologo /W3 /WX- /sdl /Od /Oy- /D _UNICODE /D UNICODE /Gm /EHsc /RTC1 /MDd /GS /fp:precise /Zc:wchar_t /Zc:forScope /Fo"Debug\\" /Fd"Debug\vc120.pdb" /Gd /TP /analyze- /errorReport:prompt "输出前五成绩.cpp"
         输出前五成绩.cpp
     1>d:\2020_code\牛客练习\牛客练习\输出前五成绩.cpp(6): error C2057: 应输入常量表达式
     1>d:\2020_code\牛客练习\牛客练习\输出前五成绩.cpp(6): error C2466: 不能分配常量大小为 0 的数组
     1>d:\2020_code\牛客练习\牛客练习\输出前五成绩.cpp(6): error C2133: “a”: 未知的大小
     1>已完成生成项目“D:\2020_code\牛客练习\牛客练习\牛客练习.vcxproj”(Build 个目标)的操作 - 失败。

生成失败。

已用时间 00:00:00.23
